<?xml version="1.0" encoding="UTF-8"?>
<!-- Generated by org.testng.reporters.JUnitReportReporter -->
<testsuite hostname="IP-MTY-ERNESTOA" failures="0" tests="1" name="com.google.FirstTest" time="5.911" errors="0" timestamp="23 Jun 2022 20:21:40 GMT" skipped="0">
  <testcase classname="com.google.FirstTest" name="f" time="5.911"/>
</testsuite> <!-- com.google.FirstTest -->
