<?xml version="1.0" encoding="UTF-8"?>
<!-- Generated by org.testng.reporters.JUnitReportReporter -->
<testsuite hostname="IP-MTY-ERNESTOA" failures="0" tests="1" name="ProyectoFinal.ProyectoFinalLineal" time="49.557" errors="0" timestamp="25 Aug 2022 18:06:55 GMT" skipped="0">
  <testcase classname="ProyectoFinal.ProyectoFinalLineal" name="addAndDeleteUser" time="49.557"/>
</testsuite> <!-- ProyectoFinal.ProyectoFinalLineal -->
